<?xml version="1.0" encoding="UTF-8"?>
<!-- Generated by org.testng.reporters.JUnitReportReporter -->
<testsuite hostname="admin-PC" failures="0" tests="1" name="com.qa.scenarios.DemoImplicitWait" time="23.738" errors="0" timestamp="25 Feb 2021 08:19:05 GMT" skipped="0">
  <testcase classname="com.qa.scenarios.DemoImplicitWait" name="implicitwait" time="23.738"/>
</testsuite> <!-- com.qa.scenarios.DemoImplicitWait -->
