<?xml version="1.0" encoding="UTF-8"?>
<!-- Generated by org.testng.reporters.JUnitReportReporter -->
<testsuite hostname="admin-PC" failures="0" tests="3" name="com.qa.testng.Demo2" time="0.019" errors="0" timestamp="25 Feb 2021 09:58:13 GMT" skipped="0">
  <testcase classname="com.qa.testng.Demo2" name="login" time="0.007"/>
  <testcase classname="com.qa.testng.Demo2" name="register" time="0.005"/>
  <testcase classname="com.qa.testng.Demo2" name="homePage" time="0.007"/>
</testsuite> <!-- com.qa.testng.Demo2 -->
