<?xml version="1.0" encoding="UTF-8"?>
<!-- Generated by org.testng.reporters.JUnitReportReporter -->
<testsuite hostname="admin-PC" failures="0" tests="1" name="com.qa.scenarios.DemoExplicitWait" time="23.089" errors="0" timestamp="25 Feb 2021 08:19:38 GMT" skipped="0">
  <testcase classname="com.qa.scenarios.DemoExplicitWait" name="test" time="23.089"/>
</testsuite> <!-- com.qa.scenarios.DemoExplicitWait -->
