<?xml version="1.0" encoding="UTF-8"?>
<!-- Generated by org.testng.reporters.JUnitReportReporter -->
<testsuite hostname="admin-PC" failures="0" tests="1" name="com.qa.testng.DemoOne" time="0.011" errors="0" timestamp="25 Feb 2021 09:27:25 GMT" skipped="0">
  <testcase classname="com.qa.testng.DemoOne" name="demoOneTest" time="0.011"/>
</testsuite> <!-- com.qa.testng.DemoOne -->
