<?xml version="1.0" encoding="UTF-8"?>
<!-- Generated by org.testng.reporters.JUnitReportReporter -->
<testsuite hostname="admin-PC" failures="0" tests="1" name="com.qa.scenarios.WindowsAuthentication" time="20.917" errors="0" timestamp="25 Feb 2021 06:58:17 GMT" skipped="0">
  <testcase classname="com.qa.scenarios.WindowsAuthentication" name="windowsAuthentiation_usingurl" time="20.917"/>
</testsuite> <!-- com.qa.scenarios.WindowsAuthentication -->
