<?xml version="1.0" encoding="UTF-8"?>
<!-- Generated by org.testng.reporters.JUnitReportReporter -->
<testsuite hostname="admin-PC" failures="0" tests="3" name="com.qa.testng.DemoPriority" time="0.015" errors="0" timestamp="03 Mar 2021 18:52:40 GMT" skipped="0">
  <testcase classname="com.qa.testng.DemoPriority" name="testRegistration" time="0.011"/>
  <testcase classname="com.qa.testng.DemoPriority" name="testLogin" time="0.002"/>
  <testcase classname="com.qa.testng.DemoPriority" name="testHomePage" time="0.002"/>
</testsuite> <!-- com.qa.testng.DemoPriority -->
