<?xml version="1.0" encoding="UTF-8"?>
<!-- Generated by org.testng.reporters.JUnitReportReporter -->
<testsuite hostname="admin-PC" failures="0" tests="1" name="com.qa.snapdeal.Snapdeal" time="58.898" errors="0" timestamp="11 Mar 2021 18:46:26 GMT" skipped="0">
  <testcase classname="com.qa.snapdeal.Snapdeal" name="test" time="58.898"/>
</testsuite> <!-- com.qa.snapdeal.Snapdeal -->
