<?xml version="1.0" encoding="UTF-8"?>
<!-- Generated by org.testng.reporters.JUnitReportReporter -->
<testsuite hostname="admin-PC" failures="0" tests="1" name="com.qa.scenarios.WithoutSendKeys" time="17.931" errors="0" timestamp="28 Feb 2021 07:21:41 GMT" skipped="0">
  <testcase classname="com.qa.scenarios.WithoutSendKeys" name="javascript" time="17.931"/>
</testsuite> <!-- com.qa.scenarios.WithoutSendKeys -->
