<?xml version="1.0" encoding="UTF-8"?>
<!-- Generated by org.testng.reporters.JUnitReportReporter -->
<testsuite hostname="admin-PC" failures="0" tests="1" name="com.qa.extentReport.DemoExtentReport" time="6.809" errors="0" timestamp="07 Mar 2021 19:00:17 GMT" skipped="0">
  <testcase classname="com.qa.extentReport.DemoExtentReport" name="testOmayo" time="6.809"/>
</testsuite> <!-- com.qa.extentReport.DemoExtentReport -->
