<?xml version="1.0" encoding="UTF-8"?>
<!-- Generated by org.testng.reporters.JUnitReportReporter -->
<testsuite hostname="admin-PC" failures="0" tests="6" name="com.qa.testng.MultiplesTime_InvocationCounter" time="0.132" errors="0" timestamp="25 Mar 2021 06:34:22 GMT" skipped="0">
  <testcase classname="com.qa.testng.MultiplesTime_InvocationCounter" name="multipleexcution" time="0.011"/>
  <testcase classname="com.qa.testng.MultiplesTime_InvocationCounter" name="multipleexcution" time="0.023"/>
  <testcase classname="com.qa.testng.MultiplesTime_InvocationCounter" name="multipleexcution" time="0.036"/>
  <testcase classname="com.qa.testng.MultiplesTime_InvocationCounter" name="multipleexcution" time="0.012"/>
  <testcase classname="com.qa.testng.MultiplesTime_InvocationCounter" name="multipleexcution" time="0.032"/>
  <testcase classname="com.qa.testng.MultiplesTime_InvocationCounter" name="multipleexcution" time="0.018"/>
</testsuite> <!-- com.qa.testng.MultiplesTime_InvocationCounter -->
