<?xml version="1.0" encoding="UTF-8"?>
<!-- Generated by org.testng.reporters.JUnitReportReporter -->
<testsuite hostname="admin-PC" failures="0" tests="3" name="com.qa.testng.Demo" time="0.045" errors="0" timestamp="27 Feb 2021 15:05:50 GMT" skipped="0">
  <testcase classname="com.qa.testng.Demo" name="homePage" time="0.028"/>
  <testcase classname="com.qa.testng.Demo" name="register" time="0.004"/>
  <testcase classname="com.qa.testng.Demo" name="login" time="0.013"/>
</testsuite> <!-- com.qa.testng.Demo -->
